<?xml version="1.0" encoding="UTF-8"?>
<testsuite xmlns:xsi="http://www.w3.org/2001/XMLSchema-instance" xsi:noNamespaceSchemaLocation="https://maven.apache.org/surefire/maven-surefire-plugin/xsd/surefire-test-report.xsd" name="org.sonatype.mavenbook.weather.YahooParserTest" time="0.001" tests="1" errors="0" skipped="0" failures="1">
  <properties>
    <property name="awt.toolkit" value="sun.awt.X11.XToolkit"/>
    <property name="file.encoding.pkg" value="sun.io"/>
    <property name="java.specification.version" value="1.8"/>
    <property name="sun.cpu.isalist" value=""/>
    <property name="sun.jnu.encoding" value="UTF-8"/>
    <property name="java.class.path" value="/home/ec2-user/indian-weather/target/test-classes:/home/ec2-user/indian-weather/target/classes:/root/.m2/repository/junit/junit/4.11/junit-4.11.jar:/root/.m2/repository/org/hamcrest/hamcrest-core/1.3/hamcrest-core-1.3.jar:/root/.m2/repository/log4j/log4j/1.2.14/log4j-1.2.14.jar:/root/.m2/repository/dom4j/dom4j/1.6.1/dom4j-1.6.1.jar:/root/.m2/repository/xml-apis/xml-apis/1.0.b2/xml-apis-1.0.b2.jar:/root/.m2/repository/jaxen/jaxen/1.1.1/jaxen-1.1.1.jar:/root/.m2/repository/jdom/jdom/1.0/jdom-1.0.jar:/root/.m2/repository/xerces/xercesImpl/2.6.2/xercesImpl-2.6.2.jar:/root/.m2/repository/xom/xom/1.0/xom-1.0.jar:/root/.m2/repository/xerces/xmlParserAPIs/2.6.2/xmlParserAPIs-2.6.2.jar:/root/.m2/repository/xalan/xalan/2.6.0/xalan-2.6.0.jar:/root/.m2/repository/com/ibm/icu/icu4j/2.6.1/icu4j-2.6.1.jar:/root/.m2/repository/velocity/velocity/1.5/velocity-1.5.jar:/root/.m2/repository/commons-collections/commons-collections/3.1/commons-collections-3.1.jar:/root/.m2/repository/commons-lang/commons-lang/2.1/commons-lang-2.1.jar:/root/.m2/repository/oro/oro/2.0.8/oro-2.0.8.jar:/root/.m2/repository/commons-io/commons-io/1.3.2/commons-io-1.3.2.jar:"/>
    <property name="java.vm.vendor" value="Oracle Corporation"/>
    <property name="sun.arch.data.model" value="64"/>
    <property name="java.vendor.url" value="http://java.oracle.com/"/>
    <property name="user.timezone" value=""/>
    <property name="java.vm.specification.version" value="1.8"/>
    <property name="os.name" value="Linux"/>
    <property name="user.country" value="US"/>
    <property name="sun.java.launcher" value="SUN_STANDARD"/>
    <property name="sun.boot.library.path" value="/usr/java/jdk1.8.0_161/jre/lib/amd64"/>
    <property name="sun.java.command" value="/home/ec2-user/indian-weather/target/surefire/surefirebooter2378734693002898458.jar /home/ec2-user/indian-weather/target/surefire 2018-04-27T00-56-22_238-jvmRun1 surefire1325668837750515115tmp surefire_05039011429999456883tmp"/>
    <property name="surefire.test.class.path" value="/home/ec2-user/indian-weather/target/test-classes:/home/ec2-user/indian-weather/target/classes:/root/.m2/repository/junit/junit/4.11/junit-4.11.jar:/root/.m2/repository/org/hamcrest/hamcrest-core/1.3/hamcrest-core-1.3.jar:/root/.m2/repository/log4j/log4j/1.2.14/log4j-1.2.14.jar:/root/.m2/repository/dom4j/dom4j/1.6.1/dom4j-1.6.1.jar:/root/.m2/repository/xml-apis/xml-apis/1.0.b2/xml-apis-1.0.b2.jar:/root/.m2/repository/jaxen/jaxen/1.1.1/jaxen-1.1.1.jar:/root/.m2/repository/jdom/jdom/1.0/jdom-1.0.jar:/root/.m2/repository/xerces/xercesImpl/2.6.2/xercesImpl-2.6.2.jar:/root/.m2/repository/xom/xom/1.0/xom-1.0.jar:/root/.m2/repository/xerces/xmlParserAPIs/2.6.2/xmlParserAPIs-2.6.2.jar:/root/.m2/repository/xalan/xalan/2.6.0/xalan-2.6.0.jar:/root/.m2/repository/com/ibm/icu/icu4j/2.6.1/icu4j-2.6.1.jar:/root/.m2/repository/velocity/velocity/1.5/velocity-1.5.jar:/root/.m2/repository/commons-collections/commons-collections/3.1/commons-collections-3.1.jar:/root/.m2/repository/commons-lang/commons-lang/2.1/commons-lang-2.1.jar:/root/.m2/repository/oro/oro/2.0.8/oro-2.0.8.jar:/root/.m2/repository/commons-io/commons-io/1.3.2/commons-io-1.3.2.jar:"/>
    <property name="sun.cpu.endian" value="little"/>
    <property name="user.home" value="/root"/>
    <property name="user.language" value="en"/>
    <property name="java.specification.vendor" value="Oracle Corporation"/>
    <property name="java.home" value="/usr/java/jdk1.8.0_161/jre"/>
    <property name="basedir" value="/home/ec2-user/indian-weather"/>
    <property name="file.separator" value="/"/>
    <property name="line.separator" value="&#10;"/>
    <property name="java.vm.specification.vendor" value="Oracle Corporation"/>
    <property name="java.specification.name" value="Java Platform API Specification"/>
    <property name="java.awt.graphicsenv" value="sun.awt.X11GraphicsEnvironment"/>
    <property name="surefire.real.class.path" value="/home/ec2-user/indian-weather/target/surefire/surefirebooter2378734693002898458.jar"/>
    <property name="sun.boot.class.path" value="/usr/java/jdk1.8.0_161/jre/lib/resources.jar:/usr/java/jdk1.8.0_161/jre/lib/rt.jar:/usr/java/jdk1.8.0_161/jre/lib/sunrsasign.jar:/usr/java/jdk1.8.0_161/jre/lib/jsse.jar:/usr/java/jdk1.8.0_161/jre/lib/jce.jar:/usr/java/jdk1.8.0_161/jre/lib/charsets.jar:/usr/java/jdk1.8.0_161/jre/lib/jfr.jar:/usr/java/jdk1.8.0_161/jre/classes"/>
    <property name="sun.management.compiler" value="HotSpot 64-Bit Tiered Compilers"/>
    <property name="java.runtime.version" value="1.8.0_161-b12"/>
    <property name="user.name" value="root"/>
    <property name="path.separator" value=":"/>
    <property name="os.version" value="3.10.0-862.el7.x86_64"/>
    <property name="java.endorsed.dirs" value="/usr/java/jdk1.8.0_161/jre/lib/endorsed"/>
    <property name="java.runtime.name" value="Java(TM) SE Runtime Environment"/>
    <property name="file.encoding" value="UTF-8"/>
    <property name="java.vm.name" value="Java HotSpot(TM) 64-Bit Server VM"/>
    <property name="localRepository" value="/root/.m2/repository"/>
    <property name="java.vendor.url.bug" value="http://bugreport.sun.com/bugreport/"/>
    <property name="java.io.tmpdir" value="/tmp"/>
    <property name="java.version" value="1.8.0_161"/>
    <property name="user.dir" value="/home/ec2-user/indian-weather"/>
    <property name="os.arch" value="amd64"/>
    <property name="java.vm.specification.name" value="Java Virtual Machine Specification"/>
    <property name="java.awt.printerjob" value="sun.print.PSPrinterJob"/>
    <property name="sun.os.patch.level" value="unknown"/>
    <property name="java.library.path" value="/usr/java/packages/lib/amd64:/usr/lib64:/lib64:/lib:/usr/lib"/>
    <property name="java.vm.info" value="mixed mode"/>
    <property name="java.vendor" value="Oracle Corporation"/>
    <property name="java.vm.version" value="25.161-b12"/>
    <property name="java.ext.dirs" value="/usr/java/jdk1.8.0_161/jre/lib/ext:/usr/java/packages/lib/ext"/>
    <property name="sun.io.unicode.encoding" value="UnicodeLittle"/>
    <property name="java.class.version" value="52.0"/>
  </properties>
  <testcase name="testParser" classname="org.sonatype.mavenbook.weather.YahooParserTest" time="0">
    <failure message="expected:&lt;[New York]&gt; but was:&lt;[]&gt;" type="junit.framework.ComparisonFailure"><![CDATA[junit.framework.ComparisonFailure: expected:<[New York]> but was:<[]>
	at org.sonatype.mavenbook.weather.YahooParserTest.testParser(YahooParserTest.java:20)
]]></failure>
    <system-out><![CDATA[414  INFO  YahooParser  - Creating XML Reader
457  INFO  YahooParser  - Parsing XML Response
]]></system-out>
  </testcase>
</testsuite>